2024-09-09 23:17:27 INFO  [main] c.e.d.DemocustApplicationTests - Starting DemocustApplicationTests using Java 17.0.12 with PID 20764 (started by sriha in C:\Kiran\kiran_workspace\democust)
2024-09-09 23:17:27 INFO  [main] c.e.d.DemocustApplicationTests - No active profile set, falling back to 1 default profile: "default"
2024-09-09 23:17:27 INFO  [main] o.s.d.r.c.RepositoryConfigurationDelegate - Bootstrapping Spring Data JPA repositories in DEFAULT mode.
2024-09-09 23:17:27 INFO  [main] o.s.d.r.c.RepositoryConfigurationDelegate - Finished Spring Data repository scanning in 97 ms. Found 2 JPA repository interfaces.
2024-09-09 23:17:28 INFO  [main] o.h.jpa.internal.util.LogHelper - HHH000204: Processing PersistenceUnitInfo [name: default]
2024-09-09 23:17:28 INFO  [main] org.hibernate.Version - HHH000412: Hibernate ORM core version 6.5.2.Final
2024-09-09 23:17:28 INFO  [main] o.h.c.i.RegionFactoryInitiator - HHH000026: Second-level cache disabled
2024-09-09 23:17:28 INFO  [main] o.s.o.j.p.SpringPersistenceUnitInfo - No LoadTimeWeaver setup: ignoring JPA class transformer
2024-09-09 23:17:28 INFO  [main] com.zaxxer.hikari.HikariDataSource - HikariPool-1 - Starting...
2024-09-09 23:17:28 INFO  [main] com.zaxxer.hikari.pool.HikariPool - HikariPool-1 - Added connection conn0: url=jdbc:h2:mem:testdb user=SA
2024-09-09 23:17:28 INFO  [main] com.zaxxer.hikari.HikariDataSource - HikariPool-1 - Start completed.
2024-09-09 23:17:29 INFO  [main] o.h.e.t.j.p.i.JtaPlatformInitiator - HHH000489: No JTA platform available (set 'hibernate.transaction.jta.platform' to enable JTA platform integration)
2024-09-09 23:17:29 INFO  [main] o.s.o.j.LocalContainerEntityManagerFactoryBean - Initialized JPA EntityManagerFactory for persistence unit 'default'
2024-09-09 23:17:29 INFO  [main] c.e.d.f.RequestResponseLoggingFilter - RequestResponseLoggingFilter initialized
2024-09-09 23:17:30 WARN  [main] o.s.b.a.o.j.JpaBaseConfiguration$JpaWebConfiguration - spring.jpa.open-in-view is enabled by default. Therefore, database queries may be performed during view rendering. Explicitly configure spring.jpa.open-in-view to disable this warning
2024-09-09 23:17:30 INFO  [main] o.s.b.a.h.H2ConsoleAutoConfiguration - H2 console available at '/h2-console'. Database available at 'jdbc:h2:mem:testdb'
2024-09-09 23:17:30 INFO  [main] c.e.d.DemocustApplicationTests - Started DemocustApplicationTests in 3.756 seconds (process running for 4.481)
2024-09-09 23:17:30 INFO  [SpringApplicationShutdownHook] o.s.o.j.LocalContainerEntityManagerFactoryBean - Closing JPA EntityManagerFactory for persistence unit 'default'
2024-09-09 23:17:30 INFO  [SpringApplicationShutdownHook] com.zaxxer.hikari.HikariDataSource - HikariPool-1 - Shutdown initiated...
2024-09-09 23:17:30 INFO  [SpringApplicationShutdownHook] com.zaxxer.hikari.HikariDataSource - HikariPool-1 - Shutdown completed.
2024-09-09 23:17:52 INFO  [restartedMain] c.e.democust.DemocustApplication - Starting DemocustApplication using Java 17.0.12 with PID 6196 (C:\Kiran\kiran_workspace\democust\target\classes started by sriha in C:\Kiran\kiran_workspace\democust)
2024-09-09 23:17:52 INFO  [restartedMain] c.e.democust.DemocustApplication - No active profile set, falling back to 1 default profile: "default"
2024-09-09 23:17:52 INFO  [restartedMain] o.s.b.d.e.DevToolsPropertyDefaultsPostProcessor - Devtools property defaults active! Set 'spring.devtools.add-properties' to 'false' to disable
2024-09-09 23:17:52 INFO  [restartedMain] o.s.b.d.e.DevToolsPropertyDefaultsPostProcessor - For additional web related logging consider setting the 'logging.level.web' property to 'DEBUG'
2024-09-09 23:17:53 INFO  [restartedMain] o.s.d.r.c.RepositoryConfigurationDelegate - Bootstrapping Spring Data JPA repositories in DEFAULT mode.
2024-09-09 23:17:53 INFO  [restartedMain] o.s.d.r.c.RepositoryConfigurationDelegate - Finished Spring Data repository scanning in 124 ms. Found 2 JPA repository interfaces.
2024-09-09 23:17:53 INFO  [restartedMain] o.s.b.w.e.tomcat.TomcatWebServer - Tomcat initialized with port 8080 (http)
2024-09-09 23:17:53 INFO  [restartedMain] o.a.coyote.http11.Http11NioProtocol - Initializing ProtocolHandler ["http-nio-8080"]
2024-09-09 23:17:53 INFO  [restartedMain] o.a.catalina.core.StandardService - Starting service [Tomcat]
2024-09-09 23:17:53 INFO  [restartedMain] o.a.catalina.core.StandardEngine - Starting Servlet engine: [Apache Tomcat/10.1.28]
2024-09-09 23:17:54 INFO  [restartedMain] o.a.c.c.C.[Tomcat].[localhost].[/] - Initializing Spring embedded WebApplicationContext
2024-09-09 23:17:54 INFO  [restartedMain] o.s.b.w.s.c.ServletWebServerApplicationContext - Root WebApplicationContext: initialization completed in 1390 ms
2024-09-09 23:17:54 INFO  [restartedMain] com.zaxxer.hikari.HikariDataSource - HikariPool-1 - Starting...
2024-09-09 23:17:54 INFO  [restartedMain] com.zaxxer.hikari.pool.HikariPool - HikariPool-1 - Added connection conn0: url=jdbc:h2:mem:testdb user=SA
2024-09-09 23:17:54 INFO  [restartedMain] com.zaxxer.hikari.HikariDataSource - HikariPool-1 - Start completed.
2024-09-09 23:17:54 INFO  [restartedMain] o.s.b.a.h.H2ConsoleAutoConfiguration - H2 console available at '/h2-console'. Database available at 'jdbc:h2:mem:testdb'
2024-09-09 23:17:54 INFO  [restartedMain] c.e.d.f.RequestResponseLoggingFilter - RequestResponseLoggingFilter initialized
2024-09-09 23:17:54 INFO  [restartedMain] o.h.jpa.internal.util.LogHelper - HHH000204: Processing PersistenceUnitInfo [name: default]
2024-09-09 23:17:54 INFO  [restartedMain] org.hibernate.Version - HHH000412: Hibernate ORM core version 6.5.2.Final
2024-09-09 23:17:54 INFO  [restartedMain] o.h.c.i.RegionFactoryInitiator - HHH000026: Second-level cache disabled
2024-09-09 23:17:54 INFO  [restartedMain] o.s.o.j.p.SpringPersistenceUnitInfo - No LoadTimeWeaver setup: ignoring JPA class transformer
2024-09-09 23:17:55 INFO  [restartedMain] o.h.e.t.j.p.i.JtaPlatformInitiator - HHH000489: No JTA platform available (set 'hibernate.transaction.jta.platform' to enable JTA platform integration)
2024-09-09 23:17:55 INFO  [restartedMain] o.s.o.j.LocalContainerEntityManagerFactoryBean - Initialized JPA EntityManagerFactory for persistence unit 'default'
2024-09-09 23:17:55 WARN  [restartedMain] o.s.b.a.o.j.JpaBaseConfiguration$JpaWebConfiguration - spring.jpa.open-in-view is enabled by default. Therefore, database queries may be performed during view rendering. Explicitly configure spring.jpa.open-in-view to disable this warning
2024-09-09 23:17:56 INFO  [restartedMain] o.s.b.d.a.OptionalLiveReloadServer - LiveReload server is running on port 35729
2024-09-09 23:17:56 INFO  [restartedMain] o.a.coyote.http11.Http11NioProtocol - Starting ProtocolHandler ["http-nio-8080"]
2024-09-09 23:17:56 INFO  [restartedMain] o.s.b.w.e.tomcat.TomcatWebServer - Tomcat started on port 8080 (http) with context path '/'
2024-09-09 23:17:56 INFO  [restartedMain] c.e.democust.DemocustApplication - Started DemocustApplication in 4.134 seconds (process running for 4.473)
2024-09-09 23:18:46 INFO  [http-nio-8080-exec-2] o.a.c.c.C.[Tomcat].[localhost].[/] - Initializing Spring DispatcherServlet 'dispatcherServlet'
2024-09-09 23:18:46 INFO  [http-nio-8080-exec-2] o.s.web.servlet.DispatcherServlet - Initializing Servlet 'dispatcherServlet'
2024-09-09 23:18:46 INFO  [http-nio-8080-exec-2] o.s.web.servlet.DispatcherServlet - Completed initialization in 0 ms
2024-09-09 23:18:46 INFO  [http-nio-8080-exec-2] c.e.d.f.RequestResponseLoggingFilter - Request Method: GET | Request URI: /api/customers/2 | Request Params: org.apache.catalina.util.ParameterMap@16235d3f
2024-09-09 23:18:46 INFO  [http-nio-8080-exec-2] c.e.d.controller.CustomerController - Received request to get customer with ID: 2
2024-09-09 23:18:46 INFO  [http-nio-8080-exec-2] c.e.d.f.RequestResponseLoggingFilter - Response Status: 404
2024-09-09 23:18:55 INFO  [http-nio-8080-exec-3] c.e.d.f.RequestResponseLoggingFilter - Request Method: GET | Request URI: /api/customers/1 | Request Params: org.apache.catalina.util.ParameterMap@4ef14cae
2024-09-09 23:18:55 INFO  [http-nio-8080-exec-3] c.e.d.controller.CustomerController - Received request to get customer with ID: 1
2024-09-09 23:18:55 INFO  [http-nio-8080-exec-3] c.e.d.f.RequestResponseLoggingFilter - Response Status: 404
2024-09-09 23:19:14 INFO  [http-nio-8080-exec-4] c.e.d.f.RequestResponseLoggingFilter - Request Method: POST | Request URI: /api/customers | Request Params: org.apache.catalina.util.ParameterMap@42f9814f
2024-09-09 23:19:14 INFO  [http-nio-8080-exec-4] c.e.d.controller.CustomerController - Received request to create customer: Customer(id=null, firstName=Kiran, lastName=bakka, officeEmail=Kiran@company.com, personalEmail=bakka@gmail.com, familyMembers=[kiran kumar, mohan kumar, Raj kumar])
2024-09-09 23:19:14 INFO  [http-nio-8080-exec-4] c.e.d.f.RequestResponseLoggingFilter - Response Status: 200
2024-09-09 23:19:25 INFO  [http-nio-8080-exec-5] c.e.d.f.RequestResponseLoggingFilter - Request Method: GET | Request URI: /api/customers/1 | Request Params: org.apache.catalina.util.ParameterMap@5a77901c
2024-09-09 23:19:25 INFO  [http-nio-8080-exec-5] c.e.d.controller.CustomerController - Received request to get customer with ID: 1
2024-09-09 23:19:26 INFO  [http-nio-8080-exec-5] c.e.d.f.RequestResponseLoggingFilter - Response Status: 200
2024-09-09 23:21:06 INFO  [File Watcher] o.s.b.d.a.LocalDevToolsAutoConfiguration$RestartingClassPathChangeChangedEventListener - Restarting due to 1 class path change (0 additions, 0 deletions, 1 modification)
2024-09-09 23:21:06 INFO  [Thread-5] o.a.coyote.http11.Http11NioProtocol - Stopping ProtocolHandler ["http-nio-8080"]
2024-09-09 23:21:07 INFO  [Thread-5] o.s.o.j.LocalContainerEntityManagerFactoryBean - Closing JPA EntityManagerFactory for persistence unit 'default'
2024-09-09 23:21:07 WARN  [Thread-5] o.s.b.f.s.DisposableBeanAdapter - Invocation of destroy method failed on bean with name 'inMemoryDatabaseShutdownExecutor': org.h2.jdbc.JdbcSQLNonTransientConnectionException: Database is already closed (to disable automatic closing at VM shutdown, add ";DB_CLOSE_ON_EXIT=FALSE" to the db URL) [90121-224]
2024-09-09 23:21:07 INFO  [Thread-5] com.zaxxer.hikari.HikariDataSource - HikariPool-1 - Shutdown initiated...
2024-09-09 23:21:07 INFO  [Thread-5] com.zaxxer.hikari.HikariDataSource - HikariPool-1 - Shutdown completed.
2024-09-09 23:21:07 INFO  [restartedMain] c.e.democust.DemocustApplication - Starting DemocustApplication using Java 17.0.12 with PID 6196 (C:\Kiran\kiran_workspace\democust\target\classes started by sriha in C:\Kiran\kiran_workspace\democust)
2024-09-09 23:21:07 INFO  [restartedMain] c.e.democust.DemocustApplication - No active profile set, falling back to 1 default profile: "default"
2024-09-09 23:21:07 INFO  [restartedMain] o.s.d.r.c.RepositoryConfigurationDelegate - Bootstrapping Spring Data JPA repositories in DEFAULT mode.
2024-09-09 23:21:07 INFO  [restartedMain] o.s.d.r.c.RepositoryConfigurationDelegate - Finished Spring Data repository scanning in 8 ms. Found 2 JPA repository interfaces.
2024-09-09 23:21:07 INFO  [restartedMain] o.s.b.w.e.tomcat.TomcatWebServer - Tomcat initialized with port 8080 (http)
2024-09-09 23:21:07 INFO  [restartedMain] o.a.coyote.http11.Http11NioProtocol - Initializing ProtocolHandler ["http-nio-8080"]
2024-09-09 23:21:07 INFO  [restartedMain] o.a.catalina.core.StandardService - Starting service [Tomcat]
2024-09-09 23:21:07 INFO  [restartedMain] o.a.catalina.core.StandardEngine - Starting Servlet engine: [Apache Tomcat/10.1.28]
2024-09-09 23:21:07 INFO  [restartedMain] o.a.c.c.C.[Tomcat].[localhost].[/] - Initializing Spring embedded WebApplicationContext
2024-09-09 23:21:07 INFO  [restartedMain] o.s.b.w.s.c.ServletWebServerApplicationContext - Root WebApplicationContext: initialization completed in 256 ms
2024-09-09 23:21:07 INFO  [restartedMain] com.zaxxer.hikari.HikariDataSource - HikariPool-2 - Starting...
2024-09-09 23:21:07 INFO  [restartedMain] com.zaxxer.hikari.pool.HikariPool - HikariPool-2 - Added connection conn10: url=jdbc:h2:mem:testdb user=SA
2024-09-09 23:21:07 INFO  [restartedMain] com.zaxxer.hikari.HikariDataSource - HikariPool-2 - Start completed.
2024-09-09 23:21:07 INFO  [restartedMain] o.s.b.a.h.H2ConsoleAutoConfiguration - H2 console available at '/h2-console'. Database available at 'jdbc:h2:mem:testdb'
2024-09-09 23:21:07 INFO  [restartedMain] c.e.d.f.RequestResponseLoggingFilter - RequestResponseLoggingFilter initialized
2024-09-09 23:21:07 INFO  [restartedMain] o.h.jpa.internal.util.LogHelper - HHH000204: Processing PersistenceUnitInfo [name: default]
2024-09-09 23:21:07 INFO  [restartedMain] o.h.c.i.RegionFactoryInitiator - HHH000026: Second-level cache disabled
2024-09-09 23:21:07 INFO  [restartedMain] o.s.o.j.p.SpringPersistenceUnitInfo - No LoadTimeWeaver setup: ignoring JPA class transformer
2024-09-09 23:21:07 INFO  [restartedMain] o.h.e.t.j.p.i.JtaPlatformInitiator - HHH000489: No JTA platform available (set 'hibernate.transaction.jta.platform' to enable JTA platform integration)
2024-09-09 23:21:07 INFO  [restartedMain] o.s.o.j.LocalContainerEntityManagerFactoryBean - Initialized JPA EntityManagerFactory for persistence unit 'default'
2024-09-09 23:21:07 WARN  [restartedMain] o.s.b.a.o.j.JpaBaseConfiguration$JpaWebConfiguration - spring.jpa.open-in-view is enabled by default. Therefore, database queries may be performed during view rendering. Explicitly configure spring.jpa.open-in-view to disable this warning
2024-09-09 23:21:07 INFO  [restartedMain] o.s.b.d.a.OptionalLiveReloadServer - LiveReload server is running on port 35729
2024-09-09 23:21:07 INFO  [restartedMain] o.a.coyote.http11.Http11NioProtocol - Starting ProtocolHandler ["http-nio-8080"]
2024-09-09 23:21:07 INFO  [restartedMain] o.s.b.w.e.tomcat.TomcatWebServer - Tomcat started on port 8080 (http) with context path '/'
2024-09-09 23:21:07 INFO  [restartedMain] c.e.democust.DemocustApplication - Started DemocustApplication in 0.525 seconds (process running for 195.696)
2024-09-09 23:21:07 INFO  [restartedMain] o.s.b.d.a.ConditionEvaluationDeltaLoggingListener - Condition evaluation unchanged
